<?xml version="1.0" encoding="UTF-8"?>
<!-- Generated by org.testng.reporters.JUnitXMLReporter -->
<testsuite ignored="0" hostname="LAPTOP-0VNVDE1H" failures="1" tests="1" name="ChromeTest" time="5.882" errors="0" timestamp="2023-12-30T22:32:41 IST">
  <testcase classname="testCase.TC_001_AccountRegistrationTest" name="Test_Account_Registration" time="0.175">
    <failure type="java.lang.AssertionError" message="null">
      <![CDATA[java.lang.AssertionError: null
at testCase.TC_001_AccountRegistrationTest.Test_Account_Registration(TC_001_AccountRegistrationTest.java:53)
at java.base/java.util.ArrayList.forEach(ArrayList.java:1511)
at java.base/java.util.concurrent.FutureTask.run(FutureTask.java:264)
at java.base/java.util.concurrent.ThreadPoolExecutor.runWorker(ThreadPoolExecutor.java:1136)
at java.base/java.util.concurrent.ThreadPoolExecutor$Worker.run(ThreadPoolExecutor.java:635)
at java.base/java.lang.Thread.run(Thread.java:840)
... Removed 19 stack frames]]>
    </failure>
  </testcase> <!-- Test_Account_Registration -->
</testsuite> <!-- ChromeTest -->
